App 432011 output: Server is listening on http://localhost:1000
App 432011 output: count  0
App 432011 output: user add user  { username: 'raj' }
App 432011 output: count  1
App 432011 output: count  2
App 432011 output: count  3
App 432011 output: disconnect  xutzjS2kz-4mHoPCAAAA
App 432011 output: disconnect  Rv1la3-N7neLpVkxAAAB
App 432011 output: user add user  { username: 'Niraj' }
App 432011 output: count  2
App 432011 output: user add user  { username: 'Manish' }
App 482542 output: Server is listening on http://localhost:1000
App 482542 output: count  0
App 482542 output: count  1
App 432011 output: disconnect  XZSHK9McVHfN3T6FAAAE
App 482542 output: count  2
App 482542 output: count  3
App 482542 output: count  4
App 482542 output: count  5
App 482542 output: user add user  { username: 'Raj' }
App 482542 output: user add user  { username: 'Manish' }
App 482542 output: disconnect  TKqztb3bGp2dFzcJAAAD
App 482542 output: disconnect  eCoMK9kP-7Mi0j7_AAAA
App 482542 output: count  4
App 482542 output: disconnect  84DhrZFjl4PeazgZAAAF
App 482542 output: disconnect  24HCXnGSiMQfEoMEAAAG
App 482542 output: count  3
App 482542 output: count  4
App 482542 output: user add user  { username: 'Manish' }
App 482542 output: disconnect  vpT0jbinUeYbelojAAAC
App 482542 output: disconnect  vsi31YhI_TaUwtvFAAAI
App 482542 output: disconnect  pduZkNs1z4fjOwBhAAAB
App 482542 output: count  2
App 482542 output: disconnect  KmTmNYnh29B1lH6GAAAH
App 482542 output: user add user  { username: 'raj desktop' }
App 482542 output: count  2
App 482542 output: user add user  { username: 'Mob raj' }
App 482542 output: count  3
App 482542 output: user add user  { username: 'Niraj' }
App 482542 output: disconnect  XW8eMtJ8lMtDFVlHAAAE
App 482542 output: disconnect  zk-hKDwJf_HNDqfDAAAL
App 482542 output: count  2
App 482542 output: disconnect  ymsmh-hJvgIBEbiiAAAM
App 482542 output: count  2
App 482542 output: count  3
App 482542 output: count  4
App 482542 output: user add user  { username: 'Mob' }
App 482542 output: disconnect  HZ3Er2GyUU_-6MKFAAAN
App 482542 output: count  4
App 482542 output: user add user  { username: 'Niraj' }
App 482542 output: disconnect  FXkixrYR3Vpqi880AAAK
App 482542 output: disconnect  9qayy7tgNfdJMD2lAAAJ
App 642233 output: Server is listening on http://localhost:1000
App 642233 output: count  0
App 642233 output: count  1
App 642233 output: count  2
App 482542 output: disconnect  o5QZj_PhO6RzfAUrAAAO
App 642233 output: count  3
App 642233 output: count  4
App 642233 output: disconnect  OmNt0gZRlxuEzkqAAAAA
App 642233 output: user add user  { username: 'Mob' }
App 642233 output: disconnect  R1u6qQh0cV_ICS7GAAAC
App 642233 output: count  3
App 642233 output: count  4
App 642233 output: user add user  { username: 'Rajesh' }
App 642233 output: disconnect  lzLA9laT7n0DHpIIAAAF
App 642233 output: count  4
App 642233 output: count  5
App 642233 output: user add user  { username: 'Mob' }
App 642233 output: user add user  { username: 'Rajesh' }
App 642233 output: user add user  { username: 'Mob' }
App 642233 output: disconnect  eSvegzmiV35wP_hPAAAD
App 642233 output: disconnect  KBEjW7PZewd5QrfWAAAG
App 642233 output: count  4
App 642233 output: user add user  { username: 'raj' }
App 642233 output: disconnect  fTdF21sdNYTk3L_zAAAH
App 642233 output: user add user  { username: 'Mob' }
App 642233 output: disconnect  LszIgOeJ1H38ZD0bAAAB
App 642233 output: count  3
App 642233 output: user add user  { username: 'Mob' }
App 642233 output: count  4
App 642233 output: count  5
App 642233 output: user add user  { username: 'Manish' }
App 642233 output: disconnect  XlIjatRxv3wYG848AAAI
App 642233 output: disconnect  sXobetDdYVlKvH3nAAAE
App 642233 output: disconnect  jHX6DYQe5ARHQvACAAAL
App 642233 output: disconnect  uiSBIBsGqQeksJ4oAAAM
App 642233 output: count  2
App 642233 output: disconnect  En-abIzYdRRDM1zoAAAJ
App 642233 output: disconnect  2TgGlB7VU1jEEDUnAAAN
App 918617 output: Server is listening on http://localhost:1000
App 918617 output: count  0
App 642233 output: disconnect  G5rih1N2Q9f1aKE_AAAK
App 918617 output: count  1
App 918617 output: user add user  { username: 'Mob' }
App 918617 output: count  2
App 918617 output: user add user  { username: 'Manish' }
App 918617 output: disconnect  4lqwUUyCu5sktUF4AAAB
App 918617 output: disconnect  onylrD2tnHNG5liXAAAC
App 918617 output: count  1
App 918617 output: disconnect  KXKqy8mh1o7D_cw_AAAA
App 918617 output: disconnect  PeoM-fiBaVuc9BVuAAAD
App 625390 output: Server is listening on http://localhost:1000
App 625390 output: count  0
App 625390 output: disconnect  kKyZl4x4f9EyNeCrAAAA
App 711394 output: Server is listening on http://localhost:1000
App 711394 output: count  0
App 759019 output: Server is listening on http://localhost:1000
App 711394 output: disconnect  QQv3jbl6shmLRgUsAAAA
App 759019 output: count  0
App 759019 output: disconnect  OKLfdfCTp1IQsWhpAAAA
App 859493 output: Server is listening on http://localhost:1000
App 776559 output: Server is listening on http://localhost:1000
App 782659 output: Server is listening on http://localhost:1000
App 782659 output: count  0
App 782659 output: user add user  { username: 'Niraj' }
App 782659 output: user add user  { username: 'Niraj' }
App 782659 output: count  1
App 782659 output: count  2
App 782659 output: user add user  { username: 'Niraj' }
App 782659 output: disconnect  ami_oPHVcz3COp6uAAAA
App 782659 output: count  2
App 782659 output: disconnect  ysLQx9J1dJdTSB7hAAAC
App 782659 output: disconnect  YSgb6_wGocMNoEd8AAAB
App 782659 output: disconnect  bkiXRLFd4hEL2HYZAAAD
App 782659 output: count  0
App 782659 output: count  1
App 782659 output: user add user  { username: 'raj' }
App 782659 output: disconnect  l2_YVoA5PsIFD9J7AAAE
